<?xml version="1.0" encoding="UTF-8"?>
<testsuites name="jest tests" tests="1" failures="0" errors="0" time="2.858">
  <testsuite name="jupyterlab-gallery" errors="0" failures="0" skipped="0" timestamp="2024-06-11T15:33:25" time="2.301" tests="1">
    <testcase classname="jupyterlab-gallery should be tested" name="jupyterlab-gallery should be tested" time="0.003">
    </testcase>
  </testsuite>
</testsuites>